
[2021/10/14 02:28:27] [<>] PBLauncher [Point Blank - Private] iniciado.
[2021/10/14 02:28:27] [!] Launcher Versão:1
[2021/10/14 02:28:27] [>>] Conectando-se ao servidor...
[2021/10/14 02:28:27] [>>] Verificando status do servidor...
[2021/10/14 02:28:27] [!] Baixando novo UserFileList.
[2021/10/14 02:28:28] [!] Deletando pasta temporária da atualização.
[2021/10/14 02:28:28] [<<] Verificação do sistema concluída.
[2021/10/14 02:28:28] A cliente está atualizada.
[2021/10/14 02:28:28] Versão: 0/0

[2021/10/14 02:28:33] [<>] PBLauncher [Point Blank - Private] iniciado.
[2021/10/14 02:28:33] [!] Launcher Versão:1
[2021/10/14 02:28:33] [>>] Conectando-se ao servidor...
[2021/10/14 02:28:33] [>>] Verificando status do servidor...
[2021/10/14 02:28:33] [<<] Verificação do sistema concluída.
[2021/10/14 02:28:34] A cliente está atualizada.
[2021/10/14 02:28:34] Versão: 0/0

[2021/10/14 02:34:29] [<>] PBLauncher [Point Blank - Private] iniciado.
[2021/10/14 02:34:29] [!] Launcher Versão:1
[2021/10/14 02:34:29] [>>] Conectando-se ao servidor...
[2021/10/14 02:34:29] [>>] Verificando status do servidor...
[2021/10/14 02:34:29] [<<] Verificação do sistema concluída.
[2021/10/14 02:34:29] A cliente está atualizada.
[2021/10/14 02:34:29] Versão: 0/0

[2021/10/14 02:39:38] [<>] PBLauncher [Point Blank - Private] iniciado.
[2021/10/14 02:39:38] [!] Launcher Versão:1
[2021/10/14 02:39:38] [>>] Conectando-se ao servidor...
[2021/10/14 02:39:38] [>>] Verificando status do servidor...
[2021/10/14 02:39:38] [<<] Verificação do sistema concluída.
[2021/10/14 02:39:38] A cliente está atualizada.
[2021/10/14 02:39:38] Versão: 0/0

[2021/10/14 02:41:54] [<>] PBLauncher [Point Blank - Private] iniciado.
[2021/10/14 02:41:54] [!] Launcher Versão:1
[2021/10/14 02:41:54] [>>] Conectando-se ao servidor...
[2021/10/14 02:41:55] [>>] Verificando status do servidor...
[2021/10/14 02:41:55] [<<] Verificação do sistema concluída.
[2021/10/14 02:41:55] A cliente está atualizada.
[2021/10/14 02:41:55] Versão: 0/0

[2022/04/17 18:06:29] [<>] PBLauncher [Point Blank - Private] iniciado.
[2022/04/17 18:06:29] [!] Launcher Versão:1
[2022/04/17 18:06:29] [>>] Conectando-se ao servidor...
[2022/04/17 18:06:30] [!] Baixando atualização do Launcher.

[2022/04/17 18:06:31] [<>] PBLauncher [Point Blank - Private] iniciado.
[2022/04/17 18:06:31] [!] Launcher Versão:1
[2022/04/17 18:06:31] [>>] Conectando-se ao servidor...
[2022/04/17 18:06:32] [!] Baixando atualização do Launcher.

[2022/04/17 18:06:32] [<>] PBLauncher [Point Blank - Private] iniciado.
[2022/04/17 18:06:32] [!] Launcher Versão:1
[2022/04/17 18:06:32] [>>] Conectando-se ao servidor...
[2022/04/17 18:06:33] [!] Baixando atualização do Launcher.

[2022/04/17 18:06:34] [<>] PBLauncher [Point Blank - Private] iniciado.
[2022/04/17 18:06:34] [!] Launcher Versão:1
[2022/04/17 18:06:34] [>>] Conectando-se ao servidor...
[2022/04/17 18:06:34] [!] Baixando atualização do Launcher.

[2022/04/17 18:06:35] [<>] PBLauncher [Point Blank - Private] iniciado.
[2022/04/17 18:06:35] [!] Launcher Versão:1
[2022/04/17 18:06:35] [>>] Conectando-se ao servidor...
[2022/04/17 18:06:36] [!] Baixando atualização do Launcher.

[2022/04/17 18:06:36] [<>] PBLauncher [Point Blank - Private] iniciado.
[2022/04/17 18:06:36] [!] Launcher Versão:1
[2022/04/17 18:06:36] [>>] Conectando-se ao servidor...
[2022/04/17 18:06:37] [!] Baixando atualização do Launcher.

[2022/04/17 18:06:38] [<>] PBLauncher [Point Blank - Private] iniciado.
[2022/04/17 18:06:38] [!] Launcher Versão:1
[2022/04/17 18:06:38] [>>] Conectando-se ao servidor...
[2022/04/17 18:06:38] [!] Baixando atualização do Launcher.

[2022/04/17 18:06:39] [<>] PBLauncher [Point Blank - Private] iniciado.
[2022/04/17 18:06:39] [!] Launcher Versão:1
[2022/04/17 18:06:39] [>>] Conectando-se ao servidor...
[2022/04/17 18:06:40] [!] Baixando atualização do Launcher.

[2022/04/17 18:06:41] [<>] PBLauncher [Point Blank - Private] iniciado.
[2022/04/17 18:06:41] [!] Launcher Versão:1
[2022/04/17 18:06:41] [>>] Conectando-se ao servidor...
[2022/04/17 18:06:41] [!] Baixando atualização do Launcher.

[2022/04/17 18:06:42] [<>] PBLauncher [Point Blank - Private] iniciado.
[2022/04/17 18:06:42] [!] Launcher Versão:1
[2022/04/17 18:06:42] [>>] Conectando-se ao servidor...
[2022/04/17 18:06:43] [!] Baixando atualização do Launcher.

[2022/04/17 18:06:43] [<>] PBLauncher [Point Blank - Private] iniciado.
[2022/04/17 18:06:43] [!] Launcher Versão:1
[2022/04/17 18:06:43] [>>] Conectando-se ao servidor...
[2022/04/17 18:06:44] [!] Baixando atualização do Launcher.

[2022/04/17 18:06:45] [<>] PBLauncher [Point Blank - Private] iniciado.
[2022/04/17 18:06:45] [!] Launcher Versão:1
[2022/04/17 18:06:45] [>>] Conectando-se ao servidor...
[2022/04/17 18:06:46] [!] Baixando atualização do Launcher.

[2022/04/17 18:06:47] [<>] PBLauncher [Point Blank - Private] iniciado.
[2022/04/17 18:06:47] [!] Launcher Versão:1
[2022/04/17 18:06:47] [>>] Conectando-se ao servidor...
[2022/04/17 18:06:48] [!] Baixando atualização do Launcher.

[2022/04/17 18:06:49] [<>] PBLauncher [Point Blank - Private] iniciado.
[2022/04/17 18:06:49] [!] Launcher Versão:1
[2022/04/17 18:06:49] [>>] Conectando-se ao servidor...
[2022/04/17 18:06:50] [!] Baixando atualização do Launcher.

[2022/04/17 18:06:52] [<>] PBLauncher [Point Blank - Private] iniciado.
[2022/04/17 18:06:52] [!] Launcher Versão:1
[2022/04/17 18:06:52] [>>] Conectando-se ao servidor...
[2022/04/17 18:06:53] [!] Baixando atualização do Launcher.

[2022/04/17 18:06:54] [<>] PBLauncher [Point Blank - Private] iniciado.
[2022/04/17 18:06:54] [!] Launcher Versão:1
[2022/04/17 18:06:54] [>>] Conectando-se ao servidor...
[2022/04/17 18:06:55] [!] Baixando atualização do Launcher.

[2022/04/17 18:06:57] [<>] PBLauncher [Point Blank - Private] iniciado.
[2022/04/17 18:06:57] [!] Launcher Versão:1
[2022/04/17 18:06:57] [>>] Conectando-se ao servidor...
[2022/04/17 18:06:59] [!] Baixando atualização do Launcher.

[2022/04/17 18:06:59] [<>] PBLauncher [Point Blank - Private] iniciado.
[2022/04/17 18:06:59] [!] Launcher Versão:1
[2022/04/17 18:06:59] [>>] Conectando-se ao servidor...
[2022/04/17 18:07:01] [!] Baixando atualização do Launcher.

[2022/04/17 18:07:02] [<>] PBLauncher [Point Blank - Private] iniciado.
[2022/04/17 18:07:02] [!] Launcher Versão:1
[2022/04/17 18:07:02] [>>] Conectando-se ao servidor...
[2022/04/17 18:07:02] [!] Baixando atualização do Launcher.

[2022/04/17 18:07:03] [<>] PBLauncher [Point Blank - Private] iniciado.
[2022/04/17 18:07:03] [!] Launcher Versão:1
[2022/04/17 18:07:03] [>>] Conectando-se ao servidor...
[2022/04/17 18:07:04] [!] Baixando atualização do Launcher.

[2022/04/17 18:07:05] [<>] PBLauncher [Point Blank - Private] iniciado.
[2022/04/17 18:07:05] [!] Launcher Versão:1
[2022/04/17 18:07:05] [>>] Conectando-se ao servidor...
[2022/04/17 18:07:05] [!] Baixando atualização do Launcher.

[2022/04/17 18:07:06] [<>] PBLauncher [Point Blank - Private] iniciado.
[2022/04/17 18:07:06] [!] Launcher Versão:1
[2022/04/17 18:07:06] [>>] Conectando-se ao servidor...
[2022/04/17 18:07:07] [!] Baixando atualização do Launcher.

[2022/04/17 18:07:08] [<>] PBLauncher [Point Blank - Private] iniciado.
[2022/04/17 18:07:08] [!] Launcher Versão:1
[2022/04/17 18:07:08] [>>] Conectando-se ao servidor...
[2022/04/17 18:07:08] [!] Baixando atualização do Launcher.
